#
# A fatal error has been detected by the Java Runtime Environment:
#
#  EXCEPTION_ACCESS_VIOLATION (0xc0000005) at pc=0x000000006ca1bbc4, pid=8904, tid=6344
#
# JRE version: Java(TM) SE Runtime Environment (8.0_65-b17) (build 1.8.0_65-b17)
# Java VM: Java HotSpot(TM) 64-Bit Server VM (25.65-b01 mixed mode windows-amd64 compressed oops)
# Problematic frame:
# C  [awt.dll+0x3bbc4]
#
# Failed to write core dump. Minidumps are not enabled by default on client versions of Windows
#
# If you would like to submit a bug report, please visit:
#   http://bugreport.java.com/bugreport/crash.jsp
# The crash happened outside the Java Virtual Machine in native code.
# See problematic frame for where to report the bug.
#

---------------  T H R E A D  ---------------

Current thread (0x000000001f627800):  JavaThread "AWT-EventQueue-0" [_thread_in_native, id=6344, stack(0x0000000025e80000,0x0000000025f80000)]

siginfo: ExceptionCode=0xc0000005, reading address 0x0000000000000354

Registers:
RAX=0x00000000000000d5, RBX=0x0000000022580001, RCX=0x00000000000000d5, RDX=0x0000000000000000
RSP=0x0000000025f7c270, RBP=0x0000000000000000, RSI=0x0000000000000608, RDI=0x00000000000003cc
R8 =0x00000000ffc0dfd9, R9 =0x000000076c2161c4, R10=0x0000000000000607, R11=0x0000000000000000
R12=0x0000000000000000, R13=0x000000006cb23668, R14=0x00000000fffffffd, R15=0x00000000ffffffe7
RIP=0x000000006ca1bbc4, EFLAGS=0x0000000000010202

Top of Stack: (sp=0x0000000025f7c270)
0x0000000025f7c270:   000000001f6ae120 000000006c9e505c
0x0000000025f7c280:   0000000000000608 0000000025f7c380
0x0000000025f7c290:   000000001f683df0 000000001f6279f8
0x0000000025f7c2a0:   0000000025f7c380 0000000025f7c2e0
0x0000000025f7c2b0:   000000006cb23668 0000000025f7c450
0x0000000025f7c2c0:   0000000000000000 0000000000000003
0x0000000025f7c2d0:   0000001900000003 000003e50000060b
0x0000000025f7c2e0:   0000001900000003 000003e50000060b
0x0000000025f7c2f0:   0000000022576935 0000000100000000
0x0000000025f7c300:   0000000000000608 0000000000000000
0x0000000025f7c310:   0000000000000000 0000000000000000
0x0000000025f7c320:   0000000000000000 0000000000000000
0x0000000025f7c330:   0000000000000000 000000006f58ab70
0x0000000025f7c340:   000000001f627800 0000000025f7c3c8
0x0000000025f7c350:   0000000000000000 0000000025f7c410
0x0000000025f7c360:   0000000000000000 0000000700000013 

Instructions: (pc=0x000000006ca1bbc4)
0x000000006ca1bba4:   00 00 6b c0 1d 6b c9 4d 03 d1 8d 84 02 80 00 00
0x000000006ca1bbb4:   00 99 0f b6 d2 03 c2 c1 f8 08 41 ff ca 0f b6 c8
0x000000006ca1bbc4:   41 0f b6 04 8c 88 43 ff 75 b2 4d 03 cb 48 03 dd
0x000000006ca1bbd4:   ff cf 75 98 48 8b 5c 24 10 48 8b 6c 24 18 48 8b 


Register to memory mapping:

RAX=0x00000000000000d5 is an unknown value
RBX=0x0000000022580001 is an unknown value
RCX=0x00000000000000d5 is an unknown value
RDX=0x0000000000000000 is an unknown value
RSP=0x0000000025f7c270 is pointing into the stack for thread: 0x000000001f627800
RBP=0x0000000000000000 is an unknown value
RSI=0x0000000000000608 is an unknown value
RDI=0x00000000000003cc is an unknown value
R8 =0x00000000ffc0dfd9 is an unknown value
R9 =0x000000076c2161c4 is an unknown value
R10=0x0000000000000607 is an unknown value
R11=0x0000000000000000 is an unknown value
R12=0x0000000000000000 is an unknown value
R13=0x000000006cb23668 is an unknown value
R14=0x00000000fffffffd is an unknown value
R15=0x00000000ffffffe7 is an unknown value


Stack: [0x0000000025e80000,0x0000000025f80000],  sp=0x0000000025f7c270,  free space=1008k
Native frames: (J=compiled Java code, j=interpreted, Vv=VM code, C=native code)

Java frames: (J=compiled Java code, j=interpreted, Vv=VM code)
j  sun.java2d.loops.Blit.Blit(Lsun/java2d/SurfaceData;Lsun/java2d/SurfaceData;Ljava/awt/Composite;Lsun/java2d/pipe/Region;IIIIII)V+0
J 990 C1 sun.java2d.pipe.DrawImage.blitSurfaceData(Lsun/java2d/SunGraphics2D;Lsun/java2d/pipe/Region;Lsun/java2d/SurfaceData;Lsun/java2d/SurfaceData;Lsun/java2d/loops/SurfaceType;Lsun/java2d/loops/SurfaceType;IIIIIILjava/awt/Color;)V (145 bytes) @ 0x0000000002af6874 [0x0000000002af5a40+0xe34]
J 928 C1 sun.java2d.pipe.DrawImage.renderImageCopy(Lsun/java2d/SunGraphics2D;Ljava/awt/Image;Ljava/awt/Color;IIIIII)Z (147 bytes) @ 0x0000000002ab1cdc [0x0000000002ab16e0+0x5fc]
j  sun.java2d.pipe.DrawImage.copyImage(Lsun/java2d/SunGraphics2D;Ljava/awt/Image;IILjava/awt/Color;)Z+45
j  sun.java2d.pipe.DrawImage.copyImage(Lsun/java2d/SunGraphics2D;Ljava/awt/Image;IILjava/awt/Color;Ljava/awt/image/ImageObserver;)Z+15
j  sun.java2d.pipe.ValidatePipe.copyImage(Lsun/java2d/SunGraphics2D;Ljava/awt/Image;IILjava/awt/Color;Ljava/awt/image/ImageObserver;)Z+21
j  sun.java2d.SunGraphics2D.drawImage(Ljava/awt/Image;IILjava/awt/Color;Ljava/awt/image/ImageObserver;)Z+66
j  sun.java2d.SunGraphics2D.drawImage(Ljava/awt/Image;IILjava/awt/image/ImageObserver;)Z+7
j  javax.swing.RepaintManager$PaintManager.paintDoubleBuffered(Ljavax/swing/JComponent;Ljava/awt/Image;Ljava/awt/Graphics;IIII)V+242
j  javax.swing.RepaintManager$PaintManager.paint(Ljavax/swing/JComponent;Ljavax/swing/JComponent;Ljava/awt/Graphics;IIII)Z+116
j  javax.swing.RepaintManager.paint(Ljavax/swing/JComponent;Ljavax/swing/JComponent;Ljava/awt/Graphics;IIII)V+51
J 804 C1 javax.swing.JComponent.paint(Ljava/awt/Graphics;)V (409 bytes) @ 0x0000000002a65f54 [0x0000000002a64000+0x1f54]
j  java.awt.GraphicsCallback$PaintCallback.run(Ljava/awt/Component;Ljava/awt/Graphics;)V+2
j  sun.awt.SunGraphicsCallback.runOneComponent(Ljava/awt/Component;Ljava/awt/Rectangle;Ljava/awt/Graphics;Ljava/awt/Shape;I)V+155
j  sun.awt.SunGraphicsCallback.runComponents([Ljava/awt/Component;Ljava/awt/Graphics;I)V+194
j  java.awt.Container.paint(Ljava/awt/Graphics;)V+58
j  java.awt.Window.paint(Ljava/awt/Graphics;)V+68
j  javax.swing.RepaintManager$4.run()Ljava/lang/Void;+142
j  javax.swing.RepaintManager$4.run()Ljava/lang/Object;+1
v  ~StubRoutines::call_stub
J 711  java.security.AccessController.doPrivileged(Ljava/security/PrivilegedAction;Ljava/security/AccessControlContext;)Ljava/lang/Object; (0 bytes) @ 0x0000000002a2c566 [0x0000000002a2c500+0x66]
J 713 C1 java.security.ProtectionDomain$JavaSecurityAccessImpl.doIntersectionPrivilege(Ljava/security/PrivilegedAction;Ljava/security/AccessControlContext;Ljava/security/AccessControlContext;)Ljava/lang/Object; (22 bytes) @ 0x0000000002a2da3c [0x0000000002a2d5c0+0x47c]
j  javax.swing.RepaintManager.paintDirtyRegions(Ljava/util/Map;)V+154
j  javax.swing.RepaintManager.paintDirtyRegions()V+46
j  javax.swing.RepaintManager.prePaintDirtyRegions()V+73
j  javax.swing.RepaintManager.access$1200(Ljavax/swing/RepaintManager;)V+1
j  javax.swing.RepaintManager$ProcessingRunnable.run()V+37
J 1091 C1 java.awt.event.InvocationEvent.dispatch()V (69 bytes) @ 0x0000000002b5b054 [0x0000000002b5ae40+0x214]
J 885 C1 java.awt.EventQueue.dispatchEventImpl(Ljava/awt/AWTEvent;Ljava/lang/Object;)V (149 bytes) @ 0x0000000002a9a904 [0x0000000002a98e00+0x1b04]
J 883 C1 java.awt.EventQueue$3.run()Ljava/lang/Void; (60 bytes) @ 0x0000000002a9859c [0x0000000002a98380+0x21c]
J 882 C1 java.awt.EventQueue$3.run()Ljava/lang/Object; (5 bytes) @ 0x0000000002a9650c [0x0000000002a96480+0x8c]
v  ~StubRoutines::call_stub
J 711  java.security.AccessController.doPrivileged(Ljava/security/PrivilegedAction;Ljava/security/AccessControlContext;)Ljava/lang/Object; (0 bytes) @ 0x0000000002a2c566 [0x0000000002a2c500+0x66]
J 754 C1 java.awt.EventQueue.dispatchEvent(Ljava/awt/AWTEvent;)V (80 bytes) @ 0x0000000002a3fbec [0x0000000002a3f240+0x9ac]
J 756 C1 java.awt.EventDispatchThread.pumpOneEventForFilters(I)V (295 bytes) @ 0x0000000002a436cc [0x0000000002a41b40+0x1b8c]
j  java.awt.EventDispatchThread.pumpEventsForFilter(ILjava/awt/Conditional;Ljava/awt/EventFilter;)V+35
j  java.awt.EventDispatchThread.pumpEventsForHierarchy(ILjava/awt/Conditional;Ljava/awt/Component;)V+11
j  java.awt.EventDispatchThread.pumpEvents(ILjava/awt/Conditional;)V+4
j  java.awt.EventDispatchThread.pumpEvents(Ljava/awt/Conditional;)V+3
j  java.awt.EventDispatchThread.run()V+9
v  ~StubRoutines::call_stub

---------------  P R O C E S S  ---------------

Java Threads: ( => current thread )
  0x000000001f747800 JavaThread "TimerQueue" daemon [_thread_blocked, id=5720, stack(0x0000000029550000,0x0000000029650000)]
  0x000000001f72e000 JavaThread "D3D Screen Updater" daemon [_thread_blocked, id=6484, stack(0x00000000268d0000,0x00000000269d0000)]
  0x0000000001bfe800 JavaThread "DestroyJavaVM" [_thread_blocked, id=8796, stack(0x00000000023e0000,0x00000000024e0000)]
=>0x000000001f627800 JavaThread "AWT-EventQueue-0" [_thread_in_native, id=6344, stack(0x0000000025e80000,0x0000000025f80000)]
  0x000000001f4d9000 JavaThread "AWT-Windows" daemon [_thread_in_native, id=10220, stack(0x000000001fe90000,0x000000001ff90000)]
  0x000000001f4d8800 JavaThread "AWT-Shutdown" [_thread_blocked, id=10120, stack(0x000000001ffe0000,0x00000000200e0000)]
  0x000000001f4d7800 JavaThread "Java2D Disposer" daemon [_thread_blocked, id=7560, stack(0x000000001fd30000,0x000000001fe30000)]
  0x000000001d65a800 JavaThread "Service Thread" daemon [_thread_blocked, id=3784, stack(0x000000001ebc0000,0x000000001ecc0000)]
  0x000000001d5c6000 JavaThread "C1 CompilerThread3" daemon [_thread_blocked, id=5476, stack(0x000000001f1a0000,0x000000001f2a0000)]
  0x000000001d5c4800 JavaThread "C2 CompilerThread2" daemon [_thread_blocked, id=5848, stack(0x000000001efb0000,0x000000001f0b0000)]
  0x000000001d5be800 JavaThread "C2 CompilerThread1" daemon [_thread_blocked, id=5036, stack(0x000000001ee10000,0x000000001ef10000)]
  0x000000001d5b5000 JavaThread "C2 CompilerThread0" daemon [_thread_blocked, id=5528, stack(0x000000001ecd0000,0x000000001edd0000)]
  0x000000001d5b4000 JavaThread "Attach Listener" daemon [_thread_blocked, id=9680, stack(0x000000001e800000,0x000000001e900000)]
  0x000000001d5b2000 JavaThread "Signal Dispatcher" daemon [_thread_blocked, id=6340, stack(0x000000001ea20000,0x000000001eb20000)]
  0x000000001c500800 JavaThread "Finalizer" daemon [_thread_blocked, id=8964, stack(0x000000001e910000,0x000000001ea10000)]
  0x000000001c4f9800 JavaThread "Reference Handler" daemon [_thread_blocked, id=6488, stack(0x000000001e530000,0x000000001e630000)]

Other Threads:
  0x000000001d562800 VMThread [stack: 0x000000001e650000,0x000000001e750000] [id=2264]
  0x000000001d661000 WatcherThread [stack: 0x000000001f330000,0x000000001f430000] [id=2860]

VM state:not at safepoint (normal execution)

VM Mutex/Monitor currently owned by a thread: None

Heap:
 PSYoungGen      total 76288K, used 28765K [0x000000076ad00000, 0x0000000770200000, 0x00000007c0000000)
  eden space 65536K, 43% used [0x000000076ad00000,0x000000076c9176d8,0x000000076ed00000)
  from space 10752K, 0% used [0x000000076f780000,0x000000076f780000,0x0000000770200000)
  to   space 10752K, 0% used [0x000000076ed00000,0x000000076ed00000,0x000000076f780000)
 ParOldGen       total 175104K, used 0K [0x00000006c0600000, 0x00000006cb100000, 0x000000076ad00000)
  object space 175104K, 0% used [0x00000006c0600000,0x00000006c0600000,0x00000006cb100000)
 Metaspace       used 12252K, capacity 12476K, committed 12672K, reserved 1060864K
  class space    used 1491K, capacity 1596K, committed 1664K, reserved 1048576K

Card table byte_map: [0x0000000011b70000,0x0000000012370000] byte_map_base: 0x000000000e56d000

Marking Bits: (ParMarkBitMap*) 0x000000006fc1a5b0
 Begin Bits: [0x0000000013340000, 0x0000000017328000)
 End Bits:   [0x0000000017328000, 0x000000001b310000)

Polling page: 0x0000000001b50000

CodeCache: size=245760Kb used=4339Kb max_used=4339Kb free=241420Kb
 bounds [0x00000000027b0000, 0x0000000002bf0000, 0x00000000117b0000]
 total_blobs=1805 nmethods=1301 adapters=416
 compilation: enabled

Compilation events (10 events):
Event: 2509.339 Thread 0x000000001d5c6000 nmethod 1292 0x0000000002be6610 code [0x0000000002be6800, 0x0000000002be75c8]
Event: 2509.339 Thread 0x000000001d5c6000 1299       3       java.awt.Font::getFont2D (105 bytes)
Event: 2509.340 Thread 0x000000001d5c6000 nmethod 1299 0x0000000002be7850 code [0x0000000002be7a40, 0x0000000002be8648]
Event: 2509.340 Thread 0x000000001d5c6000 1300   !   3       sun.java2d.SunGraphics2D::drawString (132 bytes)
Event: 2509.341 Thread 0x000000001d5c6000 nmethod 1300 0x0000000002be89d0 code [0x0000000002be8c00, 0x0000000002be9b28]
Event: 2509.341 Thread 0x000000001d5c6000 1296       1       model.Song::getArtist (5 bytes)
Event: 2509.341 Thread 0x000000001d5c6000 nmethod 1296 0x0000000002bea210 code [0x0000000002bea360, 0x0000000002bea470]
Event: 2509.341 Thread 0x000000001d5c6000 1297       1       model.Song::getSongLength (5 bytes)
Event: 2509.341 Thread 0x000000001d5c6000 nmethod 1297 0x0000000002bea4d0 code [0x0000000002bea620, 0x0000000002bea730]
Event: 2509.341 Thread 0x000000001d5c6000 1301   !   3       sun.swing.SwingUtilities2::drawStringUnderlineCharAt (270 bytes)

GC Heap History (0 events):
No events

Deoptimization events (1 events):
Event: 0.245 Thread 0x0000000001bfe800 Uncommon trap: reason=null_check action=make_not_entrant pc=0x0000000002918904 method=java.lang.String.equals(Ljava/lang/Object;)Z @ 8

Internal exceptions (10 events):
Event: 0.027 Thread 0x0000000001bfe800 Exception <a 'java/lang/NoSuchMethodError': Method sun.misc.Unsafe.prefetchRead(Ljava/lang/Object;J)V name or signature does not match> (0x000000076ad0e1f0) thrown at [C:\workspace\8-2-build-windows-amd64-cygwin\jdk8u65\4987\hotspot\src\share\vm\prims\jni.~J=Ƴ?
Event: 0.077 Thread 0x0000000001bfe800 Exception <a 'java/security/PrivilegedActionException'> (0x000000076ad939c0) thrown at [C:\workspace\8-2-build-windows-amd64-cygwin\jdk8u65\4987\hotspot\src\share\vm\prims\jvm.cpp, line 1386]
Event: 0.077 Thread 0x0000000001bfe800 Exception <a 'java/security/PrivilegedActionException'> (0x000000076ad93bd0) thrown at [C:\workspace\8-2-build-windows-amd64-cygwin\jdk8u65\4987\hotspot\src\share\vm\prims\jvm.cpp, line 1386]
Event: 0.078 Thread 0x0000000001bfe800 Exception <a 'java/security/PrivilegedActionException'> (0x000000076ad97a18) thrown at [C:\workspace\8-2-build-windows-amd64-cygwin\jdk8u65\4987\hotspot\src\share\vm\prims\jvm.cpp, line 1386]
Event: 0.078 Thread 0x0000000001bfe800 Exception <a 'java/security/PrivilegedActionException'> (0x000000076ad97c28) thrown at [C:\workspace\8-2-build-windows-amd64-cygwin\jdk8u65\4987\hotspot\src\share\vm\prims\jvm.cpp, line 1386]
Event: 0.081 Thread 0x0000000001bfe800 Exception <a 'java/io/FileNotFoundException'> (0x000000076ad9a1f8) thrown at [C:\workspace\8-2-build-windows-amd64-cygwin\jdk8u65\4987\hotspot\src\share\vm\prims\jni.cpp, line 709]
Event: 0.107 Thread 0x0000000001bfe800 Exception <a 'java/lang/NoSuchFieldError': method resolution failed> (0x000000076b0f73d8) thrown at [C:\workspace\8-2-build-windows-amd64-cygwin\jdk8u65\4987\hotspot\src\share\vm\prims\methodHandles.cpp, line 1146]
Event: 0.109 Thread 0x0000000001bfe800 Exception <a 'java/lang/NoSuchFieldError': method resolution failed> (0x000000076b1047a8) thrown at [C:\workspace\8-2-build-windows-amd64-cygwin\jdk8u65\4987\hotspot\src\share\vm\prims\methodHandles.cpp, line 1146]
Event: 0.139 Thread 0x0000000001bfe800 Exception <a 'java/io/FileNotFoundException'> (0x000000076b19f958) thrown at [C:\workspace\8-2-build-windows-amd64-cygwin\jdk8u65\4987\hotspot\src\share\vm\prims\jni.cpp, line 709]
Event: 0.245 Thread 0x0000000001bfe800 Implicit null exception at 0x000000000291871c to 0x00000000029188f5

Events (10 events):
Event: 2509.318 loading class sun/java2d/pipe/RegionClipSpanIterator
Event: 2509.318 loading class sun/java2d/pipe/RegionClipSpanIterator done
Event: 2509.319 loading class sun/java2d/loops/Blit$GeneralMaskBlit
Event: 2509.319 loading class sun/java2d/loops/Blit$GeneralMaskBlit done
Event: 2509.327 loading class java/awt/GradientPaintContext
Event: 2509.327 loading class java/awt/GradientPaintContext done
Event: 2509.328 Executing VM operation: Deoptimize
Event: 2509.328 Executing VM operation: Deoptimize done
Event: 2509.328 loading class java/awt/geom/Point2D$Double
Event: 2509.328 loading class java/awt/geom/Point2D$Double done


Dynamic libraries:
0x000000013f2a0000 - 0x000000013f2d7000 	C:\Program Files\Java\jdk1.8.0_65\bin\javaw.exe
0x00000000774b0000 - 0x0000000077659000 	C:\Windows\SYSTEM32\ntdll.dll
0x0000000077290000 - 0x00000000773af000 	C:\Windows\system32\kernel32.dll
0x000007fefd470000 - 0x000007fefd4dc000 	C:\Windows\system32\KERNELBASE.dll
0x000007fefe110000 - 0x000007fefe1eb000 	C:\Windows\system32\ADVAPI32.dll
0x000007fefd8b0000 - 0x000007fefd94f000 	C:\Windows\system32\msvcrt.dll
0x000007feff7a0000 - 0x000007feff7bf000 	C:\Windows\SYSTEM32\sechost.dll
0x000007feff250000 - 0x000007feff37d000 	C:\Windows\system32\RPCRT4.dll
0x00000000773b0000 - 0x00000000774aa000 	C:\Windows\system32\USER32.dll
0x000007feff500000 - 0x000007feff567000 	C:\Windows\system32\GDI32.dll
0x000007feff030000 - 0x000007feff03e000 	C:\Windows\system32\LPK.dll
0x000007feff3d0000 - 0x000007feff49a000 	C:\Windows\system32\USP10.dll
0x000007fefb820000 - 0x000007fefba14000 	C:\Windows\WinSxS\amd64_microsoft.windows.common-controls_6595b64144ccf1df_6.0.7601.18837_none_fa3b1e3d17594757\COMCTL32.dll
0x000007feff570000 - 0x000007feff5e1000 	C:\Windows\system32\SHLWAPI.dll
0x000007feff690000 - 0x000007feff6be000 	C:\Windows\system32\IMM32.DLL
0x000007fefd7a0000 - 0x000007fefd8a9000 	C:\Windows\system32\MSCTF.dll
0x0000000050af0000 - 0x0000000050bc2000 	C:\Program Files\Java\jdk1.8.0_65\jre\bin\msvcr100.dll
0x000000006f410000 - 0x000000006fc99000 	C:\Program Files\Java\jdk1.8.0_65\jre\bin\server\jvm.dll
0x000007fef8710000 - 0x000007fef8719000 	C:\Windows\system32\WSOCK32.dll
0x000007feff380000 - 0x000007feff3cd000 	C:\Windows\system32\WS2_32.dll
0x000007fefe1f0000 - 0x000007fefe1f8000 	C:\Windows\system32\NSI.dll
0x000007fefb450000 - 0x000007fefb48b000 	C:\Windows\system32\WINMM.dll
0x000007fefc320000 - 0x000007fefc32c000 	C:\Windows\system32\VERSION.dll
0x0000000077680000 - 0x0000000077687000 	C:\Windows\system32\PSAPI.DLL
0x00000000743d0000 - 0x00000000743df000 	C:\Program Files\Java\jdk1.8.0_65\jre\bin\verify.dll
0x00000000697d0000 - 0x00000000697f9000 	C:\Program Files\Java\jdk1.8.0_65\jre\bin\java.dll
0x000000005f9e0000 - 0x000000005f9f6000 	C:\Program Files\Java\jdk1.8.0_65\jre\bin\zip.dll
0x000007fefe220000 - 0x000007fefefa9000 	C:\Windows\system32\SHELL32.dll
0x000007feff040000 - 0x000007feff243000 	C:\Windows\system32\ole32.dll
0x000007fefd250000 - 0x000007fefd25f000 	C:\Windows\system32\profapi.dll
0x000000006c9e0000 - 0x000000006cb78000 	C:\Program Files\Java\jdk1.8.0_65\jre\bin\awt.dll
0x000007feff6c0000 - 0x000007feff797000 	C:\Windows\system32\OLEAUT32.dll
0x000007fefc2d0000 - 0x000007fefc2e8000 	C:\Windows\system32\DWMAPI.DLL
0x000007fefb7c0000 - 0x000007fefb816000 	C:\Windows\system32\uxtheme.dll
0x000007fefd0f0000 - 0x000007fefd0ff000 	C:\Windows\system32\CRYPTBASE.dll
0x000007fef3010000 - 0x000007fef320f000 	C:\Windows\system32\d3d9.dll
0x000007fef3000000 - 0x000007fef3007000 	C:\Windows\system32\d3d8thk.dll
0x000007fee7e00000 - 0x000007fee7f6f000 	C:\Windows\system32\aticfx64.dll
0x000007fef0400000 - 0x000007fef0421000 	C:\Windows\system32\atiu9p64.dll
0x000007fedff10000 - 0x000007fee096b000 	C:\Windows\system32\atiumd64.dll
0x0000000020560000 - 0x0000000020e04000 	C:\Windows\system32\atiumd6a.dll
0x000007fefc2f0000 - 0x000007fefc31c000 	C:\Windows\system32\POWRPROF.dll
0x000007fefdc20000 - 0x000007fefddf7000 	C:\Windows\system32\SETUPAPI.dll
0x000007fefd2c0000 - 0x000007fefd2f6000 	C:\Windows\system32\CFGMGR32.dll
0x000007fefd5e0000 - 0x000007fefd5fa000 	C:\Windows\system32\DEVOBJ.dll
0x0000000050c50000 - 0x0000000050c97000 	C:\Program Files\Java\jdk1.8.0_65\jre\bin\fontmanager.dll
0x00000000598f0000 - 0x000000005990a000 	C:\Program Files\Java\jdk1.8.0_65\jre\bin\net.dll
0x000007fefca30000 - 0x000007fefca85000 	C:\Windows\system32\mswsock.dll
0x000007fefca20000 - 0x000007fefca27000 	C:\Windows\System32\wship6.dll
0x0000000056ae0000 - 0x0000000056af1000 	C:\Program Files\Java\jdk1.8.0_65\jre\bin\nio.dll
0x0000000055b00000 - 0x0000000055b42000 	C:\Program Files\Java\jdk1.8.0_65\jre\bin\t2k.dll
0x000007fefe070000 - 0x000007fefe109000 	C:\Windows\system32\CLBCatQ.DLL
0x000007fefacc0000 - 0x000007fefae21000 	C:\Windows\system32\WindowsCodecs.dll
0x000007fefd090000 - 0x000007fefd0e7000 	C:\Windows\system32\apphelp.dll
0x000007fef5e40000 - 0x000007fef607f000 	C:\Program Files\Microsoft Office 15\root\Office15\GROOVEEX.DLL
0x000000006ab70000 - 0x000000006ac08000 	C:\Program Files\Microsoft Office 15\root\Office15\MSVCP100.dll
0x000000006b5e0000 - 0x000000006b60b000 	C:\Program Files\Microsoft Office 15\root\Office15\ATL100.DLL
0x000007fef6680000 - 0x000007fef699e000 	C:\Windows\system32\msi.dll
0x000007fef4430000 - 0x000007fef4cad000 	C:\Program Files\Microsoft Office 15\root\Office15\1033\GrooveIntlResource.dll
0x000007fef6e10000 - 0x000007fef6e4b000 	C:\Users\GypsyDanger\AppData\Roaming\Dropbox\bin\DropboxExt64.33.dll
0x000007fef9670000 - 0x000007fef9795000 	C:\Windows\system32\dbghelp.dll

VM Arguments:
jvm_args: -Dfile.encoding=Cp1252 
java_command: view.JukeBox tset
java_class_path (initial): C:\Users\GypsyDanger\Documents\GitHub\JukeBox\jukebox-jukebox-patrick-brian\bin;C:\Users\GypsyDanger\Documents\GitHub\JukeBox\jukebox-jukebox-patrick-brian\jl1.0.1.jar;C:\Users\GypsyDanger\Documents\GitHub\JukeBox\jukebox-jukebox-patrick-brian\mp3spi1.9.4.jar;C:\Users\GypsyDanger\Documents\GitHub\JukeBox\jukebox-jukebox-patrick-brian\tritonus_share.jar;C:\Users\GypsyDanger\Desktop\eclipseMars\plugins\org.junit_4.12.0.v201504281640\junit.jar;C:\Users\GypsyDanger\Desktop\eclipseMars\plugins\org.hamcrest.core_1.3.0.v201303031735.jar
Launcher Type: SUN_STANDARD

Environment Variables:
PATH=C:/Users/GypsyDanger/introcs/java/bin/server;C:/Users/GypsyDanger/introcs/java/bin;C:/Users/GypsyDanger/introcs/java/lib/amd64;C:\Program Files (x86)\NVIDIA Corporation\PhysX\Common;C:\Users\GypsyDanger\introcs\java\bin;C:\Windows\system32;C:\Windows;C:\Windows\System32\Wbem;C:\Windows\System32\WindowsPowerShell\v1.0\;C:\Program Files\Intel\DMIX;C:\Program Files (x86)\AMD\ATI.ACE\Core-Static;C:\Program Files (x86)\Common Files\HP\Digital Imaging\bin;C:\Program Files (x86)\HP\Digital Imaging\bin\;C:\Program Files (x86)\HP\Digital Imaging\bin\Qt\Qt 4.3.3;C:\Program Files (x86)\Windows Kits\8.1\Windows Performance Toolkit\;C:\Program Files\Microsoft SQL Server\110\Tools\Binn\;C:\Program Files (x86)\Microsoft SDKs\TypeScript\1.0\;C:\Program Files\Microsoft SQL Server\120\Tools\Binn\;E:\Programs\Git\cmd;C:\Windows\System32\WindowsPowerShell\v1.0\;C:\Program Files\nodejs\;C:\Program Files (x86)\Microsoft SQL Server\130\Tools\Binn\ManagementStudio\;C:\Program Files (x86)\Microsoft SQL Server\130\Tools\Binn\;C:\Program Files (x86)\Microsoft SQL Server\Client SDK\ODBC\110\Tools\Binn\;C:\Program Files (x86)\Microsoft SQL Server\130\DTS\Binn\;C:\Program Files (x86)\Skype\Phone\;C:\Program Files\Common Files\Autodesk Shared\;C:\Program Files (x86)\Autodesk\Backburner\;C:\Users\GypsyDanger\introcs\j3d\bin;C:\Users\GypsyDanger\introcs\bin;C:\Users\GypsyDanger\introcs\java\bin;C:\Users\GypsyDanger\AppData\Roaming\npm;C:\Users\GypsyDanger\Desktop\eclipseMars;
USERNAME=GypsyDanger
OS=Windows_NT
PROCESSOR_IDENTIFIER=Intel64 Family 6 Model 42 Stepping 7, GenuineIntel



---------------  S Y S T E M  ---------------

OS: Windows 7 , 64 bit Build 7601 (6.1.7601.19110)

CPU:total 8 (4 cores per cpu, 2 threads per core) family 6 model 42 stepping 7, cmov, cx8, fxsr, mmx, sse, sse2, sse3, ssse3, sse4.1, sse4.2, popcnt, avx, aes, clmul, ht, tsc, tscinvbit

Memory: 4k page, physical 16751688k(11803076k free), swap 33501540k(25620752k free)

vm_info: Java HotSpot(TM) 64-Bit Server VM (25.65-b01) for windows-amd64 JRE (1.8.0_65-b17), built on Oct  6 2015 16:39:20 by "java_re" with MS VC++ 10.0 (VS2010)

time: Mon Mar 07 18:10:54 2016
elapsed time: 2509 seconds (0d 0h 41m 49s)

